<?xml version="1.0" encoding="UTF-8"?>
<!-- Generated by org.testng.reporters.JUnitReportReporter -->
<testsuite hostname="DESKTOP-35O655N" name="mavenTest.maventest.DemoTest" tests="4" failures="0" timestamp="4 Jun 2020 13:56:07 GMT" time="0.073" errors="0">
  <testcase name="multi" time="0.002" classname="mavenTest.maventest.DemoTest"/>
  <testcase name="sub" time="0.004" classname="mavenTest.maventest.DemoTest"/>
  <testcase name="div" time="0.065" classname="mavenTest.maventest.DemoTest"/>
  <testcase name="sum" time="0.002" classname="mavenTest.maventest.DemoTest"/>
</testsuite> <!-- mavenTest.maventest.DemoTest -->
